<?xml version="1.0" encoding="UTF-8"?>
<!-- Generated by org.testng.reporters.JUnitXMLReporter -->
<testsuite hostname="ADMIN-PC" ignored="0" name="Test" tests="6" failures="0" timestamp="26 Jan 2019 20:05:37 GMT" time="44.844" errors="0">
  <testcase name="testOne" time="8.162" classname="com.VB.MavenRestFramework.SampleTestTwo"/>
  <testcase name="testThree" time="8.662" classname="com.VB.MavenRestFramework.SampleTestTwo"/>
  <testcase name="testTwo" time="8.746" classname="com.VB.MavenRestFramework.SampleTestTwo"/>
  <testcase name="testOne" time="5.225" classname="com.VB.MavenRestFramework.SampleTestOne"/>
  <testcase name="testThree" time="7.09" classname="com.VB.MavenRestFramework.SampleTestOne"/>
  <testcase name="testTwo" time="6.875" classname="com.VB.MavenRestFramework.SampleTestOne"/>
</testsuite> <!-- Test -->
