<?xml version="1.0" encoding="UTF-8"?>
<testng-results skipped="0" failed="0" ignored="0" total="6" passed="6">
  <reporter-output>
  </reporter-output>
  <suite name="Default suite" duration-ms="66408" started-at="2019-01-29T17:02:31Z" finished-at="2019-01-29T17:03:38Z">
    <groups>
    </groups>
    <test name="Default test" duration-ms="66408" started-at="2019-01-29T17:02:31Z" finished-at="2019-01-29T17:03:38Z">
      <class name="com.VB.MavenRestFramework.SampleTestOne">
        <test-method status="PASS" signature="beforeMethod()[pri:0, instance:com.VB.MavenRestFramework.SampleTestOne@5792a0]" name="beforeMethod" is-config="true" duration-ms="4487" started-at="2019-01-29T17:02:32Z" finished-at="2019-01-29T17:02:36Z">
          <reporter-output>
          </reporter-output>
        </test-method> <!-- beforeMethod -->
        <test-method status="PASS" signature="testOne()[pri:0, instance:com.VB.MavenRestFramework.SampleTestOne@5792a0]" name="testOne" duration-ms="10283" started-at="2019-01-29T17:02:36Z" finished-at="2019-01-29T17:02:46Z">
          <reporter-output>
          </reporter-output>
        </test-method> <!-- testOne -->
        <test-method status="PASS" signature="afterMethod()[pri:0, instance:com.VB.MavenRestFramework.SampleTestOne@5792a0]" name="afterMethod" is-config="true" duration-ms="652" started-at="2019-01-29T17:02:46Z" finished-at="2019-01-29T17:02:47Z">
          <reporter-output>
          </reporter-output>
        </test-method> <!-- afterMethod -->
        <test-method status="PASS" signature="beforeMethod()[pri:0, instance:com.VB.MavenRestFramework.SampleTestOne@5792a0]" name="beforeMethod" is-config="true" duration-ms="2321" started-at="2019-01-29T17:02:47Z" finished-at="2019-01-29T17:02:49Z">
          <reporter-output>
          </reporter-output>
        </test-method> <!-- beforeMethod -->
        <test-method status="PASS" signature="testThree()[pri:0, instance:com.VB.MavenRestFramework.SampleTestOne@5792a0]" name="testThree" duration-ms="8838" started-at="2019-01-29T17:02:49Z" finished-at="2019-01-29T17:02:58Z">
          <reporter-output>
          </reporter-output>
        </test-method> <!-- testThree -->
        <test-method status="PASS" signature="afterMethod()[pri:0, instance:com.VB.MavenRestFramework.SampleTestOne@5792a0]" name="afterMethod" is-config="true" duration-ms="654" started-at="2019-01-29T17:02:58Z" finished-at="2019-01-29T17:02:59Z">
          <reporter-output>
          </reporter-output>
        </test-method> <!-- afterMethod -->
        <test-method status="PASS" signature="beforeMethod()[pri:0, instance:com.VB.MavenRestFramework.SampleTestOne@5792a0]" name="beforeMethod" is-config="true" duration-ms="2289" started-at="2019-01-29T17:02:59Z" finished-at="2019-01-29T17:03:01Z">
          <reporter-output>
          </reporter-output>
        </test-method> <!-- beforeMethod -->
        <test-method status="PASS" signature="testTwo()[pri:0, instance:com.VB.MavenRestFramework.SampleTestOne@5792a0]" name="testTwo" duration-ms="7374" started-at="2019-01-29T17:03:01Z" finished-at="2019-01-29T17:03:08Z">
          <reporter-output>
          </reporter-output>
        </test-method> <!-- testTwo -->
        <test-method status="PASS" signature="afterMethod()[pri:0, instance:com.VB.MavenRestFramework.SampleTestOne@5792a0]" name="afterMethod" is-config="true" duration-ms="644" started-at="2019-01-29T17:03:08Z" finished-at="2019-01-29T17:03:09Z">
          <reporter-output>
          </reporter-output>
        </test-method> <!-- afterMethod -->
      </class> <!-- com.VB.MavenRestFramework.SampleTestOne -->
      <class name="com.VB.MavenRestFramework.SampleTestTwo">
        <test-method status="PASS" signature="beforeMethod()[pri:0, instance:com.VB.MavenRestFramework.SampleTestTwo@653222]" name="beforeMethod" is-config="true" duration-ms="2318" started-at="2019-01-29T17:03:09Z" finished-at="2019-01-29T17:03:11Z">
          <reporter-output>
          </reporter-output>
        </test-method> <!-- beforeMethod -->
        <test-method status="PASS" signature="testOne()[pri:0, instance:com.VB.MavenRestFramework.SampleTestTwo@653222]" name="testOne" duration-ms="7616" started-at="2019-01-29T17:03:11Z" finished-at="2019-01-29T17:03:19Z">
          <reporter-output>
          </reporter-output>
        </test-method> <!-- testOne -->
        <test-method status="PASS" signature="afterMethod()[pri:0, instance:com.VB.MavenRestFramework.SampleTestTwo@653222]" name="afterMethod" is-config="true" duration-ms="640" started-at="2019-01-29T17:03:19Z" finished-at="2019-01-29T17:03:20Z">
          <reporter-output>
          </reporter-output>
        </test-method> <!-- afterMethod -->
        <test-method status="PASS" signature="beforeMethod()[pri:0, instance:com.VB.MavenRestFramework.SampleTestTwo@653222]" name="beforeMethod" is-config="true" duration-ms="2187" started-at="2019-01-29T17:03:20Z" finished-at="2019-01-29T17:03:22Z">
          <reporter-output>
          </reporter-output>
        </test-method> <!-- beforeMethod -->
        <test-method status="PASS" signature="testThree()[pri:0, instance:com.VB.MavenRestFramework.SampleTestTwo@653222]" name="testThree" duration-ms="5915" started-at="2019-01-29T17:03:22Z" finished-at="2019-01-29T17:03:28Z">
          <reporter-output>
          </reporter-output>
        </test-method> <!-- testThree -->
        <test-method status="PASS" signature="afterMethod()[pri:0, instance:com.VB.MavenRestFramework.SampleTestTwo@653222]" name="afterMethod" is-config="true" duration-ms="664" started-at="2019-01-29T17:03:28Z" finished-at="2019-01-29T17:03:28Z">
          <reporter-output>
          </reporter-output>
        </test-method> <!-- afterMethod -->
        <test-method status="PASS" signature="beforeMethod()[pri:0, instance:com.VB.MavenRestFramework.SampleTestTwo@653222]" name="beforeMethod" is-config="true" duration-ms="2183" started-at="2019-01-29T17:03:28Z" finished-at="2019-01-29T17:03:31Z">
          <reporter-output>
          </reporter-output>
        </test-method> <!-- beforeMethod -->
        <test-method status="PASS" signature="testTwo()[pri:0, instance:com.VB.MavenRestFramework.SampleTestTwo@653222]" name="testTwo" duration-ms="6621" started-at="2019-01-29T17:03:31Z" finished-at="2019-01-29T17:03:37Z">
          <reporter-output>
          </reporter-output>
        </test-method> <!-- testTwo -->
        <test-method status="PASS" signature="afterMethod()[pri:0, instance:com.VB.MavenRestFramework.SampleTestTwo@653222]" name="afterMethod" is-config="true" duration-ms="653" started-at="2019-01-29T17:03:37Z" finished-at="2019-01-29T17:03:38Z">
          <reporter-output>
          </reporter-output>
        </test-method> <!-- afterMethod -->
      </class> <!-- com.VB.MavenRestFramework.SampleTestTwo -->
    </test> <!-- Default test -->
  </suite> <!-- Default suite -->
</testng-results>
