<?xml version="1.0" encoding="UTF-8"?>
<!-- Generated by org.testng.reporters.JUnitXMLReporter -->
<testsuite hostname="ADMIN-PC" ignored="0" name="Default test" tests="6" failures="0" timestamp="29 Jan 2019 17:03:38 GMT" time="66.408" errors="0">
  <testcase name="testOne" time="10.283" classname="com.VB.MavenRestFramework.SampleTestOne"/>
  <testcase name="testThree" time="8.838" classname="com.VB.MavenRestFramework.SampleTestOne"/>
  <testcase name="testTwo" time="7.374" classname="com.VB.MavenRestFramework.SampleTestOne"/>
  <testcase name="testOne" time="7.616" classname="com.VB.MavenRestFramework.SampleTestTwo"/>
  <testcase name="testThree" time="5.915" classname="com.VB.MavenRestFramework.SampleTestTwo"/>
  <testcase name="testTwo" time="6.621" classname="com.VB.MavenRestFramework.SampleTestTwo"/>
</testsuite> <!-- Default test -->
