<?xml version="1.0" encoding="UTF-8"?>
<!-- Generated by org.testng.reporters.JUnitXMLReporter -->
<testsuite hostname="ADMIN-PC" ignored="0" name="Test" tests="6" failures="0" timestamp="29 Jan 2019 02:45:28 GMT" time="48.223" errors="0">
  <testcase name="testOne" time="3.298" classname="com.VB.MavenRestFramework.SampleTestTwo"/>
  <testcase name="testThree" time="3.532" classname="com.VB.MavenRestFramework.SampleTestTwo"/>
  <testcase name="testTwo" time="2.756" classname="com.VB.MavenRestFramework.SampleTestTwo"/>
  <testcase name="testOne" time="3.078" classname="com.VB.MavenRestFramework.SampleTestOne"/>
  <testcase name="testThree" time="3.546" classname="com.VB.MavenRestFramework.SampleTestOne"/>
  <testcase name="testTwo" time="3.583" classname="com.VB.MavenRestFramework.SampleTestOne"/>
</testsuite> <!-- Test -->
